[ 2016-01-06T11:31:34+08:00 ] 10.7.10.28 /project/test/index.php/register
NOTIC: [2] file_get_contents(demo.txt) [<a href='function.file-get-contents'>function.file-get-contents</a>]: failed to open stream: No such file or directory D:\Program Files (x86)\wamp\www\project\test\App\Home\Controller\RegisterController.class.php 第 11 行.

[ 2016-01-06T11:33:06+08:00 ] 10.7.10.28 /project/test/index.php/register
NOTIC: [8] Undefined index: file D:\Program Files (x86)\wamp\www\project\test\App\Home\Controller\RegisterController.class.php 第 9 行.

[ 2016-01-06T13:59:10+08:00 ] 10.7.10.28 /project/test/index.php/register
NOTIC: [8] Undefined index: file D:\Program Files (x86)\wamp\www\project\test\App\Home\Controller\RegisterController.class.php 第 11 行.
NOTIC: [8] Undefined index: file D:\Program Files (x86)\wamp\www\project\test\App\Home\Controller\RegisterController.class.php 第 25 行.
NOTIC: [8] Undefined variable: filename D:\Program Files (x86)\wamp\www\project\test\App\Home\Controller\RegisterController.class.php 第 27 行.
NOTIC: [8] Undefined variable: contents D:\Program Files (x86)\wamp\www\project\test\App\Home\Controller\RegisterController.class.php 第 27 行.
NOTIC: [2] file_put_contents() [<a href='function.file-put-contents'>function.file-put-contents</a>]: Filename cannot be empty D:\Program Files (x86)\wamp\www\project\test\App\Home\Controller\RegisterController.class.php 第 27 行.
ERR: Think\Controller:error方法不存在！

[ 2016-01-06T13:59:10+08:00 ] 10.7.10.28 /project/test/index.php/register
NOTIC: [8] Undefined variable: filename D:\Program Files (x86)\wamp\www\project\test\App\Home\Controller\RegisterController.class.php 第 27 行.
NOTIC: [8] Undefined variable: contents D:\Program Files (x86)\wamp\www\project\test\App\Home\Controller\RegisterController.class.php 第 27 行.
NOTIC: [2] file_put_contents() [<a href='function.file-put-contents'>function.file-put-contents</a>]: Filename cannot be empty D:\Program Files (x86)\wamp\www\project\test\App\Home\Controller\RegisterController.class.php 第 27 行.
ERR: Think\Controller:error方法不存在！

[ 2016-01-06T13:59:40+08:00 ] 10.7.10.28 /project/test/index.php/register
NOTIC: [8] Undefined index: file D:\Program Files (x86)\wamp\www\project\test\App\Home\Controller\RegisterController.class.php 第 11 行.
NOTIC: [8] Undefined index: file D:\Program Files (x86)\wamp\www\project\test\App\Home\Controller\RegisterController.class.php 第 25 行.
NOTIC: [8] Undefined variable: filename D:\Program Files (x86)\wamp\www\project\test\App\Home\Controller\RegisterController.class.php 第 27 行.
NOTIC: [8] Undefined variable: contents D:\Program Files (x86)\wamp\www\project\test\App\Home\Controller\RegisterController.class.php 第 27 行.
NOTIC: [2] file_put_contents() [<a href='function.file-put-contents'>function.file-put-contents</a>]: Filename cannot be empty D:\Program Files (x86)\wamp\www\project\test\App\Home\Controller\RegisterController.class.php 第 27 行.
ERR: Think\Controller:error方法不存在！

[ 2016-01-06T13:59:40+08:00 ] 10.7.10.28 /project/test/index.php/register
NOTIC: [8] Undefined variable: filename D:\Program Files (x86)\wamp\www\project\test\App\Home\Controller\RegisterController.class.php 第 27 行.
NOTIC: [8] Undefined variable: contents D:\Program Files (x86)\wamp\www\project\test\App\Home\Controller\RegisterController.class.php 第 27 行.
NOTIC: [2] file_put_contents() [<a href='function.file-put-contents'>function.file-put-contents</a>]: Filename cannot be empty D:\Program Files (x86)\wamp\www\project\test\App\Home\Controller\RegisterController.class.php 第 27 行.
ERR: Think\Controller:error方法不存在！

[ 2016-01-06T14:00:37+08:00 ] 10.7.10.28 /project/test/index.php/register
NOTIC: [8] Undefined index: file D:\Program Files (x86)\wamp\www\project\test\App\Home\Controller\RegisterController.class.php 第 11 行.

[ 2016-01-06T14:02:18+08:00 ] 10.7.10.28 /project/test/index.php/register
NOTIC: [8] Undefined index: file D:\Program Files (x86)\wamp\www\project\test\App\Home\Controller\RegisterController.class.php 第 11 行.

[ 2016-01-06T14:02:55+08:00 ] 10.7.10.28 /project/test/index.php/register
NOTIC: [8] Undefined index: file D:\Program Files (x86)\wamp\www\project\test\App\Home\Controller\RegisterController.class.php 第 11 行.

[ 2016-01-06T14:11:06+08:00 ] 10.7.10.28 /project/test/index.php/register
NOTIC: [8] Undefined index: file D:\Program Files (x86)\wamp\www\project\test\App\Home\Controller\RegisterController.class.php 第 11 行.
NOTIC: [8] Undefined index: file D:\Program Files (x86)\wamp\www\project\test\App\Home\Controller\RegisterController.class.php 第 28 行.
ERR: Think\Controller:error方法不存在！

[ 2016-01-06T14:11:06+08:00 ] 10.7.10.28 /project/test/index.php/register
ERR: Think\Controller:error方法不存在！

[ 2016-01-06T14:11:07+08:00 ] 10.7.10.28 /project/test/index.php/register
NOTIC: [8] Undefined index: file D:\Program Files (x86)\wamp\www\project\test\App\Home\Controller\RegisterController.class.php 第 11 行.
NOTIC: [8] Undefined index: file D:\Program Files (x86)\wamp\www\project\test\App\Home\Controller\RegisterController.class.php 第 28 行.
ERR: Think\Controller:error方法不存在！

[ 2016-01-06T14:11:07+08:00 ] 10.7.10.28 /project/test/index.php/register
ERR: Think\Controller:error方法不存在！

[ 2016-01-06T14:11:09+08:00 ] 10.7.10.28 /project/test/index.php/register
NOTIC: [8] Undefined index: file D:\Program Files (x86)\wamp\www\project\test\App\Home\Controller\RegisterController.class.php 第 11 行.
NOTIC: [8] Undefined index: file D:\Program Files (x86)\wamp\www\project\test\App\Home\Controller\RegisterController.class.php 第 28 行.
ERR: Think\Controller:error方法不存在！

[ 2016-01-06T14:11:09+08:00 ] 10.7.10.28 /project/test/index.php/register
ERR: Think\Controller:error方法不存在！

[ 2016-01-06T14:11:10+08:00 ] 10.7.10.28 /project/test/index.php/register
NOTIC: [8] Undefined index: file D:\Program Files (x86)\wamp\www\project\test\App\Home\Controller\RegisterController.class.php 第 11 行.
NOTIC: [8] Undefined index: file D:\Program Files (x86)\wamp\www\project\test\App\Home\Controller\RegisterController.class.php 第 28 行.
ERR: Think\Controller:error方法不存在！

[ 2016-01-06T14:11:10+08:00 ] 10.7.10.28 /project/test/index.php/register
ERR: Think\Controller:error方法不存在！

[ 2016-01-06T14:11:46+08:00 ] 10.7.10.28 /project/test/index.php/register
NOTIC: [8] Undefined index: file D:\Program Files (x86)\wamp\www\project\test\App\Home\Controller\RegisterController.class.php 第 11 行.
NOTIC: [8] Undefined index: file D:\Program Files (x86)\wamp\www\project\test\App\Home\Controller\RegisterController.class.php 第 28 行.
NOTIC: [8] Undefined index: error D:\Program Files (x86)\wamp\www\project\test\ThinkPHP\Library\Think\Upload.class.php 第 269 行.
NOTIC: [8] Undefined index: tmp_name D:\Program Files (x86)\wamp\www\project\test\ThinkPHP\Library\Think\Upload.class.php 第 280 行.
ERR: Think\Controller:error方法不存在！

[ 2016-01-06T14:11:46+08:00 ] 10.7.10.28 /project/test/index.php/register
NOTIC: [2] call_user_func() expects parameter 1 to be a valid callback, no array or string given D:\Program Files (x86)\wamp\www\project\test\ThinkPHP\Library\Think\Upload.class.php 第 170 行.

[ 2016-01-06T14:13:22+08:00 ] 10.7.10.28 /project/test/index.php/register
NOTIC: [8] Undefined index: file D:\Program Files (x86)\wamp\www\project\test\App\Home\Controller\RegisterController.class.php 第 11 行.
NOTIC: [8] Undefined index: file D:\Program Files (x86)\wamp\www\project\test\App\Home\Controller\RegisterController.class.php 第 28 行.
NOTIC: [8] Undefined index: error D:\Program Files (x86)\wamp\www\project\test\ThinkPHP\Library\Think\Upload.class.php 第 269 行.
NOTIC: [8] Undefined index: tmp_name D:\Program Files (x86)\wamp\www\project\test\ThinkPHP\Library\Think\Upload.class.php 第 280 行.
NOTIC: [8] Undefined variable: filename D:\Program Files (x86)\wamp\www\project\test\App\Home\Controller\RegisterController.class.php 第 30 行.
NOTIC: [8] Undefined variable: contents D:\Program Files (x86)\wamp\www\project\test\App\Home\Controller\RegisterController.class.php 第 30 行.
NOTIC: [2] file_put_contents() [<a href='function.file-put-contents'>function.file-put-contents</a>]: Filename cannot be empty D:\Program Files (x86)\wamp\www\project\test\App\Home\Controller\RegisterController.class.php 第 30 行.
ERR: Think\Controller:error方法不存在！

[ 2016-01-06T14:13:22+08:00 ] 10.7.10.28 /project/test/index.php/register
NOTIC: [8] Undefined variable: filename D:\Program Files (x86)\wamp\www\project\test\App\Home\Controller\RegisterController.class.php 第 30 行.
NOTIC: [8] Undefined variable: contents D:\Program Files (x86)\wamp\www\project\test\App\Home\Controller\RegisterController.class.php 第 30 行.
NOTIC: [2] file_put_contents() [<a href='function.file-put-contents'>function.file-put-contents</a>]: Filename cannot be empty D:\Program Files (x86)\wamp\www\project\test\App\Home\Controller\RegisterController.class.php 第 30 行.
ERR: Think\Controller:error方法不存在！

[ 2016-01-06T14:13:31+08:00 ] 10.7.10.28 /project/test/index.php/register
NOTIC: [8] Undefined variable: filename D:\Program Files (x86)\wamp\www\project\test\App\Home\Controller\RegisterController.class.php 第 30 行.
NOTIC: [8] Undefined variable: contents D:\Program Files (x86)\wamp\www\project\test\App\Home\Controller\RegisterController.class.php 第 30 行.
NOTIC: [2] file_put_contents() [<a href='function.file-put-contents'>function.file-put-contents</a>]: Filename cannot be empty D:\Program Files (x86)\wamp\www\project\test\App\Home\Controller\RegisterController.class.php 第 30 行.
ERR: Think\Controller:error方法不存在！

[ 2016-01-06T14:13:31+08:00 ] 10.7.10.28 /project/test/index.php/register
NOTIC: [8] Undefined index: file D:\Program Files (x86)\wamp\www\project\test\App\Home\Controller\RegisterController.class.php 第 11 行.
NOTIC: [8] Undefined index: file D:\Program Files (x86)\wamp\www\project\test\App\Home\Controller\RegisterController.class.php 第 28 行.
NOTIC: [8] Undefined index: error D:\Program Files (x86)\wamp\www\project\test\ThinkPHP\Library\Think\Upload.class.php 第 269 行.
NOTIC: [8] Undefined index: tmp_name D:\Program Files (x86)\wamp\www\project\test\ThinkPHP\Library\Think\Upload.class.php 第 280 行.
NOTIC: [8] Undefined variable: filename D:\Program Files (x86)\wamp\www\project\test\App\Home\Controller\RegisterController.class.php 第 30 行.
NOTIC: [8] Undefined variable: contents D:\Program Files (x86)\wamp\www\project\test\App\Home\Controller\RegisterController.class.php 第 30 行.
NOTIC: [2] file_put_contents() [<a href='function.file-put-contents'>function.file-put-contents</a>]: Filename cannot be empty D:\Program Files (x86)\wamp\www\project\test\App\Home\Controller\RegisterController.class.php 第 30 行.
ERR: Think\Controller:error方法不存在！

[ 2016-01-06T14:13:34+08:00 ] 10.7.10.28 /project/test/index.php/register
NOTIC: [8] Undefined index: file D:\Program Files (x86)\wamp\www\project\test\App\Home\Controller\RegisterController.class.php 第 11 行.
NOTIC: [8] Undefined index: file D:\Program Files (x86)\wamp\www\project\test\App\Home\Controller\RegisterController.class.php 第 28 行.
NOTIC: [8] Undefined index: error D:\Program Files (x86)\wamp\www\project\test\ThinkPHP\Library\Think\Upload.class.php 第 269 行.
NOTIC: [8] Undefined index: tmp_name D:\Program Files (x86)\wamp\www\project\test\ThinkPHP\Library\Think\Upload.class.php 第 280 行.
NOTIC: [8] Undefined variable: filename D:\Program Files (x86)\wamp\www\project\test\App\Home\Controller\RegisterController.class.php 第 30 行.
NOTIC: [8] Undefined variable: contents D:\Program Files (x86)\wamp\www\project\test\App\Home\Controller\RegisterController.class.php 第 30 行.
NOTIC: [2] file_put_contents() [<a href='function.file-put-contents'>function.file-put-contents</a>]: Filename cannot be empty D:\Program Files (x86)\wamp\www\project\test\App\Home\Controller\RegisterController.class.php 第 30 行.
ERR: Think\Controller:error方法不存在！

[ 2016-01-06T14:13:34+08:00 ] 10.7.10.28 /project/test/index.php/register
NOTIC: [8] Undefined variable: filename D:\Program Files (x86)\wamp\www\project\test\App\Home\Controller\RegisterController.class.php 第 30 行.
NOTIC: [8] Undefined variable: contents D:\Program Files (x86)\wamp\www\project\test\App\Home\Controller\RegisterController.class.php 第 30 行.
NOTIC: [2] file_put_contents() [<a href='function.file-put-contents'>function.file-put-contents</a>]: Filename cannot be empty D:\Program Files (x86)\wamp\www\project\test\App\Home\Controller\RegisterController.class.php 第 30 行.
ERR: Think\Controller:error方法不存在！

[ 2016-01-06T14:13:43+08:00 ] 10.7.10.28 /project/test/index.php/register
NOTIC: [8] Undefined index: file D:\Program Files (x86)\wamp\www\project\test\App\Home\Controller\RegisterController.class.php 第 11 行.
NOTIC: [8] Undefined index: file D:\Program Files (x86)\wamp\www\project\test\App\Home\Controller\RegisterController.class.php 第 28 行.
NOTIC: [8] Undefined index: error D:\Program Files (x86)\wamp\www\project\test\ThinkPHP\Library\Think\Upload.class.php 第 269 行.
NOTIC: [8] Undefined index: tmp_name D:\Program Files (x86)\wamp\www\project\test\ThinkPHP\Library\Think\Upload.class.php 第 280 行.
NOTIC: [8] Undefined variable: filename D:\Program Files (x86)\wamp\www\project\test\App\Home\Controller\RegisterController.class.php 第 30 行.
NOTIC: [8] Undefined variable: contents D:\Program Files (x86)\wamp\www\project\test\App\Home\Controller\RegisterController.class.php 第 30 行.
NOTIC: [2] file_put_contents() [<a href='function.file-put-contents'>function.file-put-contents</a>]: Filename cannot be empty D:\Program Files (x86)\wamp\www\project\test\App\Home\Controller\RegisterController.class.php 第 30 行.
ERR: Think\Controller:error方法不存在！

[ 2016-01-06T14:13:43+08:00 ] 10.7.10.28 /project/test/index.php/register
NOTIC: [2] call_user_func() expects parameter 1 to be a valid callback, no array or string given D:\Program Files (x86)\wamp\www\project\test\ThinkPHP\Library\Think\Upload.class.php 第 170 行.
NOTIC: [8] Undefined variable: filename D:\Program Files (x86)\wamp\www\project\test\App\Home\Controller\RegisterController.class.php 第 33 行.
NOTIC: [8] Undefined variable: contents D:\Program Files (x86)\wamp\www\project\test\App\Home\Controller\RegisterController.class.php 第 33 行.
NOTIC: [2] file_put_contents() [<a href='function.file-put-contents'>function.file-put-contents</a>]: Filename cannot be empty D:\Program Files (x86)\wamp\www\project\test\App\Home\Controller\RegisterController.class.php 第 33 行.

[ 2016-01-06T14:14:17+08:00 ] 10.7.10.28 /project/test/index.php/register
NOTIC: [8] Undefined index: file D:\Program Files (x86)\wamp\www\project\test\App\Home\Controller\RegisterController.class.php 第 11 行.
NOTIC: [8] Undefined index: file D:\Program Files (x86)\wamp\www\project\test\App\Home\Controller\RegisterController.class.php 第 28 行.
NOTIC: [8] Undefined index: error D:\Program Files (x86)\wamp\www\project\test\ThinkPHP\Library\Think\Upload.class.php 第 269 行.
NOTIC: [8] Undefined index: tmp_name D:\Program Files (x86)\wamp\www\project\test\ThinkPHP\Library\Think\Upload.class.php 第 280 行.
NOTIC: [8] Undefined variable: filename D:\Program Files (x86)\wamp\www\project\test\App\Home\Controller\RegisterController.class.php 第 30 行.
NOTIC: [8] Undefined variable: contents D:\Program Files (x86)\wamp\www\project\test\App\Home\Controller\RegisterController.class.php 第 30 行.
NOTIC: [2] file_put_contents() [<a href='function.file-put-contents'>function.file-put-contents</a>]: Filename cannot be empty D:\Program Files (x86)\wamp\www\project\test\App\Home\Controller\RegisterController.class.php 第 30 行.
ERR: Think\Controller:error方法不存在！

[ 2016-01-06T14:14:17+08:00 ] 10.7.10.28 /project/test/index.php/register
NOTIC: [2] call_user_func() expects parameter 1 to be a valid callback, no array or string given D:\Program Files (x86)\wamp\www\project\test\ThinkPHP\Library\Think\Upload.class.php 第 170 行.
NOTIC: [8] Undefined variable: filename D:\Program Files (x86)\wamp\www\project\test\App\Home\Controller\RegisterController.class.php 第 33 行.
NOTIC: [8] Undefined variable: contents D:\Program Files (x86)\wamp\www\project\test\App\Home\Controller\RegisterController.class.php 第 33 行.
NOTIC: [2] file_put_contents() [<a href='function.file-put-contents'>function.file-put-contents</a>]: Filename cannot be empty D:\Program Files (x86)\wamp\www\project\test\App\Home\Controller\RegisterController.class.php 第 33 行.

[ 2016-01-06T14:14:37+08:00 ] 10.7.10.28 /project/test/index.php/register
NOTIC: [8] Undefined index: file D:\Program Files (x86)\wamp\www\project\test\App\Home\Controller\RegisterController.class.php 第 11 行.
NOTIC: [8] Undefined index: file D:\Program Files (x86)\wamp\www\project\test\App\Home\Controller\RegisterController.class.php 第 28 行.
NOTIC: [8] Undefined index: error D:\Program Files (x86)\wamp\www\project\test\ThinkPHP\Library\Think\Upload.class.php 第 269 行.
NOTIC: [8] Undefined index: tmp_name D:\Program Files (x86)\wamp\www\project\test\ThinkPHP\Library\Think\Upload.class.php 第 280 行.
NOTIC: [8] Undefined variable: filename D:\Program Files (x86)\wamp\www\project\test\App\Home\Controller\RegisterController.class.php 第 30 行.
NOTIC: [8] Undefined variable: contents D:\Program Files (x86)\wamp\www\project\test\App\Home\Controller\RegisterController.class.php 第 30 行.
NOTIC: [2] file_put_contents() [<a href='function.file-put-contents'>function.file-put-contents</a>]: Filename cannot be empty D:\Program Files (x86)\wamp\www\project\test\App\Home\Controller\RegisterController.class.php 第 30 行.
ERR: Think\Controller:error方法不存在！

[ 2016-01-06T14:14:37+08:00 ] 10.7.10.28 /project/test/index.php/register
NOTIC: [2] call_user_func() expects parameter 1 to be a valid callback, no array or string given D:\Program Files (x86)\wamp\www\project\test\ThinkPHP\Library\Think\Upload.class.php 第 170 行.
NOTIC: [8] Undefined variable: filename D:\Program Files (x86)\wamp\www\project\test\App\Home\Controller\RegisterController.class.php 第 33 行.
NOTIC: [8] Undefined variable: contents D:\Program Files (x86)\wamp\www\project\test\App\Home\Controller\RegisterController.class.php 第 33 行.
NOTIC: [2] file_put_contents() [<a href='function.file-put-contents'>function.file-put-contents</a>]: Filename cannot be empty D:\Program Files (x86)\wamp\www\project\test\App\Home\Controller\RegisterController.class.php 第 33 行.

[ 2016-01-06T14:22:06+08:00 ] 10.7.10.28 /project/test/index.php/register
NOTIC: [8] Undefined index: file D:\Program Files (x86)\wamp\www\project\test\App\Home\Controller\RegisterController.class.php 第 11 行.
NOTIC: [8] Undefined index: file D:\Program Files (x86)\wamp\www\project\test\App\Home\Controller\RegisterController.class.php 第 28 行.
NOTIC: [8] Undefined index: error D:\Program Files (x86)\wamp\www\project\test\ThinkPHP\Library\Think\Upload.class.php 第 269 行.
NOTIC: [8] Undefined index: tmp_name D:\Program Files (x86)\wamp\www\project\test\ThinkPHP\Library\Think\Upload.class.php 第 280 行.
NOTIC: [8] Undefined variable: filename D:\Program Files (x86)\wamp\www\project\test\App\Home\Controller\RegisterController.class.php 第 30 行.
NOTIC: [8] Undefined variable: contents D:\Program Files (x86)\wamp\www\project\test\App\Home\Controller\RegisterController.class.php 第 30 行.
NOTIC: [2] file_put_contents() [<a href='function.file-put-contents'>function.file-put-contents</a>]: Filename cannot be empty D:\Program Files (x86)\wamp\www\project\test\App\Home\Controller\RegisterController.class.php 第 30 行.
ERR: Think\Controller:error方法不存在！

[ 2016-01-06T14:22:06+08:00 ] 10.7.10.28 /project/test/index.php/register
NOTIC: [2] call_user_func() expects parameter 1 to be a valid callback, no array or string given D:\Program Files (x86)\wamp\www\project\test\ThinkPHP\Library\Think\Upload.class.php 第 170 行.
NOTIC: [8] Undefined variable: filename D:\Program Files (x86)\wamp\www\project\test\App\Home\Controller\RegisterController.class.php 第 33 行.
NOTIC: [8] Undefined variable: contents D:\Program Files (x86)\wamp\www\project\test\App\Home\Controller\RegisterController.class.php 第 33 行.
NOTIC: [2] file_put_contents() [<a href='function.file-put-contents'>function.file-put-contents</a>]: Filename cannot be empty D:\Program Files (x86)\wamp\www\project\test\App\Home\Controller\RegisterController.class.php 第 33 行.

[ 2016-01-06T14:24:41+08:00 ] 10.7.10.28 /project/test/index.php/register
NOTIC: [8] Undefined variable: filename D:\Program Files (x86)\wamp\www\project\test\App\Home\Controller\RegisterController.class.php 第 30 行.
NOTIC: [8] Undefined variable: contents D:\Program Files (x86)\wamp\www\project\test\App\Home\Controller\RegisterController.class.php 第 30 行.
NOTIC: [2] file_put_contents() [<a href='function.file-put-contents'>function.file-put-contents</a>]: Filename cannot be empty D:\Program Files (x86)\wamp\www\project\test\App\Home\Controller\RegisterController.class.php 第 30 行.
ERR: Think\Controller:error方法不存在！

[ 2016-01-06T14:24:41+08:00 ] 10.7.10.28 /project/test/index.php/register
NOTIC: [8] Undefined index: file D:\Program Files (x86)\wamp\www\project\test\App\Home\Controller\RegisterController.class.php 第 11 行.
NOTIC: [8] Undefined index: file D:\Program Files (x86)\wamp\www\project\test\App\Home\Controller\RegisterController.class.php 第 28 行.
NOTIC: [8] Undefined index: error D:\Program Files (x86)\wamp\www\project\test\ThinkPHP\Library\Think\Upload.class.php 第 269 行.
NOTIC: [8] Undefined index: tmp_name D:\Program Files (x86)\wamp\www\project\test\ThinkPHP\Library\Think\Upload.class.php 第 280 行.
NOTIC: [8] Undefined variable: filename D:\Program Files (x86)\wamp\www\project\test\App\Home\Controller\RegisterController.class.php 第 30 行.
NOTIC: [8] Undefined variable: contents D:\Program Files (x86)\wamp\www\project\test\App\Home\Controller\RegisterController.class.php 第 30 行.
NOTIC: [2] file_put_contents() [<a href='function.file-put-contents'>function.file-put-contents</a>]: Filename cannot be empty D:\Program Files (x86)\wamp\www\project\test\App\Home\Controller\RegisterController.class.php 第 30 行.
ERR: Think\Controller:error方法不存在！

[ 2016-01-06T14:24:43+08:00 ] 10.7.10.28 /project/test/index.php/register
NOTIC: [8] Undefined index: file D:\Program Files (x86)\wamp\www\project\test\App\Home\Controller\RegisterController.class.php 第 11 行.
NOTIC: [8] Undefined index: file D:\Program Files (x86)\wamp\www\project\test\App\Home\Controller\RegisterController.class.php 第 28 行.
NOTIC: [8] Undefined index: error D:\Program Files (x86)\wamp\www\project\test\ThinkPHP\Library\Think\Upload.class.php 第 269 行.
NOTIC: [8] Undefined index: tmp_name D:\Program Files (x86)\wamp\www\project\test\ThinkPHP\Library\Think\Upload.class.php 第 280 行.
NOTIC: [8] Undefined variable: filename D:\Program Files (x86)\wamp\www\project\test\App\Home\Controller\RegisterController.class.php 第 30 行.
NOTIC: [8] Undefined variable: contents D:\Program Files (x86)\wamp\www\project\test\App\Home\Controller\RegisterController.class.php 第 30 行.
NOTIC: [2] file_put_contents() [<a href='function.file-put-contents'>function.file-put-contents</a>]: Filename cannot be empty D:\Program Files (x86)\wamp\www\project\test\App\Home\Controller\RegisterController.class.php 第 30 行.
ERR: Think\Controller:error方法不存在！

[ 2016-01-06T14:24:43+08:00 ] 10.7.10.28 /project/test/index.php/register
NOTIC: [8] Undefined variable: filename D:\Program Files (x86)\wamp\www\project\test\App\Home\Controller\RegisterController.class.php 第 30 行.
NOTIC: [8] Undefined variable: contents D:\Program Files (x86)\wamp\www\project\test\App\Home\Controller\RegisterController.class.php 第 30 行.
NOTIC: [2] file_put_contents() [<a href='function.file-put-contents'>function.file-put-contents</a>]: Filename cannot be empty D:\Program Files (x86)\wamp\www\project\test\App\Home\Controller\RegisterController.class.php 第 30 行.
ERR: Think\Controller:error方法不存在！

[ 2016-01-06T14:24:44+08:00 ] 10.7.10.28 /project/test/index.php/register
NOTIC: [8] Undefined index: file D:\Program Files (x86)\wamp\www\project\test\App\Home\Controller\RegisterController.class.php 第 11 行.
NOTIC: [8] Undefined index: file D:\Program Files (x86)\wamp\www\project\test\App\Home\Controller\RegisterController.class.php 第 28 行.
NOTIC: [8] Undefined index: error D:\Program Files (x86)\wamp\www\project\test\ThinkPHP\Library\Think\Upload.class.php 第 269 行.
NOTIC: [8] Undefined index: tmp_name D:\Program Files (x86)\wamp\www\project\test\ThinkPHP\Library\Think\Upload.class.php 第 280 行.
NOTIC: [8] Undefined variable: filename D:\Program Files (x86)\wamp\www\project\test\App\Home\Controller\RegisterController.class.php 第 30 行.
NOTIC: [8] Undefined variable: contents D:\Program Files (x86)\wamp\www\project\test\App\Home\Controller\RegisterController.class.php 第 30 行.
NOTIC: [2] file_put_contents() [<a href='function.file-put-contents'>function.file-put-contents</a>]: Filename cannot be empty D:\Program Files (x86)\wamp\www\project\test\App\Home\Controller\RegisterController.class.php 第 30 行.
ERR: Think\Controller:error方法不存在！

[ 2016-01-06T14:24:44+08:00 ] 10.7.10.28 /project/test/index.php/register
NOTIC: [8] Undefined variable: filename D:\Program Files (x86)\wamp\www\project\test\App\Home\Controller\RegisterController.class.php 第 30 行.
NOTIC: [8] Undefined variable: contents D:\Program Files (x86)\wamp\www\project\test\App\Home\Controller\RegisterController.class.php 第 30 行.
NOTIC: [2] file_put_contents() [<a href='function.file-put-contents'>function.file-put-contents</a>]: Filename cannot be empty D:\Program Files (x86)\wamp\www\project\test\App\Home\Controller\RegisterController.class.php 第 30 行.
ERR: Think\Controller:error方法不存在！

[ 2016-01-06T14:24:51+08:00 ] 10.7.10.28 /project/test/index.php/register
NOTIC: [8] Undefined index: file D:\Program Files (x86)\wamp\www\project\test\App\Home\Controller\RegisterController.class.php 第 11 行.
NOTIC: [8] Undefined index: file D:\Program Files (x86)\wamp\www\project\test\App\Home\Controller\RegisterController.class.php 第 28 行.
NOTIC: [8] Undefined index: error D:\Program Files (x86)\wamp\www\project\test\ThinkPHP\Library\Think\Upload.class.php 第 269 行.
NOTIC: [8] Undefined index: tmp_name D:\Program Files (x86)\wamp\www\project\test\ThinkPHP\Library\Think\Upload.class.php 第 280 行.
NOTIC: [8] Undefined variable: filename D:\Program Files (x86)\wamp\www\project\test\App\Home\Controller\RegisterController.class.php 第 30 行.
NOTIC: [8] Undefined variable: contents D:\Program Files (x86)\wamp\www\project\test\App\Home\Controller\RegisterController.class.php 第 30 行.
NOTIC: [2] file_put_contents() [<a href='function.file-put-contents'>function.file-put-contents</a>]: Filename cannot be empty D:\Program Files (x86)\wamp\www\project\test\App\Home\Controller\RegisterController.class.php 第 30 行.
ERR: Think\Controller:error方法不存在！

[ 2016-01-06T14:24:51+08:00 ] 10.7.10.28 /project/test/index.php/register
NOTIC: [2] call_user_func() expects parameter 1 to be a valid callback, no array or string given D:\Program Files (x86)\wamp\www\project\test\ThinkPHP\Library\Think\Upload.class.php 第 170 行.
NOTIC: [8] Undefined variable: filename D:\Program Files (x86)\wamp\www\project\test\App\Home\Controller\RegisterController.class.php 第 33 行.
NOTIC: [8] Undefined variable: contents D:\Program Files (x86)\wamp\www\project\test\App\Home\Controller\RegisterController.class.php 第 33 行.
NOTIC: [2] file_put_contents() [<a href='function.file-put-contents'>function.file-put-contents</a>]: Filename cannot be empty D:\Program Files (x86)\wamp\www\project\test\App\Home\Controller\RegisterController.class.php 第 33 行.

[ 2016-01-06T14:25:23+08:00 ] 10.7.10.28 /project/test/index.php/register
NOTIC: [8] Undefined index: file D:\Program Files (x86)\wamp\www\project\test\App\Home\Controller\RegisterController.class.php 第 11 行.
NOTIC: [8] Undefined index: file D:\Program Files (x86)\wamp\www\project\test\App\Home\Controller\RegisterController.class.php 第 28 行.
NOTIC: [8] Undefined index: error D:\Program Files (x86)\wamp\www\project\test\ThinkPHP\Library\Think\Upload.class.php 第 269 行.
NOTIC: [8] Undefined index: tmp_name D:\Program Files (x86)\wamp\www\project\test\ThinkPHP\Library\Think\Upload.class.php 第 280 行.
NOTIC: [8] Undefined variable: filename D:\Program Files (x86)\wamp\www\project\test\App\Home\Controller\RegisterController.class.php 第 30 行.
NOTIC: [8] Undefined variable: contents D:\Program Files (x86)\wamp\www\project\test\App\Home\Controller\RegisterController.class.php 第 30 行.
NOTIC: [2] file_put_contents() [<a href='function.file-put-contents'>function.file-put-contents</a>]: Filename cannot be empty D:\Program Files (x86)\wamp\www\project\test\App\Home\Controller\RegisterController.class.php 第 30 行.
ERR: Think\Controller:error方法不存在！

[ 2016-01-06T14:25:23+08:00 ] 10.7.10.28 /project/test/index.php/register
NOTIC: [2] call_user_func() expects parameter 1 to be a valid callback, no array or string given D:\Program Files (x86)\wamp\www\project\test\ThinkPHP\Library\Think\Upload.class.php 第 170 行.
NOTIC: [8] Undefined variable: filename D:\Program Files (x86)\wamp\www\project\test\App\Home\Controller\RegisterController.class.php 第 33 行.
NOTIC: [8] Undefined variable: contents D:\Program Files (x86)\wamp\www\project\test\App\Home\Controller\RegisterController.class.php 第 33 行.
NOTIC: [2] file_put_contents() [<a href='function.file-put-contents'>function.file-put-contents</a>]: Filename cannot be empty D:\Program Files (x86)\wamp\www\project\test\App\Home\Controller\RegisterController.class.php 第 33 行.

[ 2016-01-06T14:27:02+08:00 ] 10.7.10.28 /project/test/index.php/register
NOTIC: [8] Undefined index: file D:\Program Files (x86)\wamp\www\project\test\App\Home\Controller\RegisterController.class.php 第 11 行.
NOTIC: [8] Undefined index: file D:\Program Files (x86)\wamp\www\project\test\App\Home\Controller\RegisterController.class.php 第 28 行.
NOTIC: [8] Undefined index: error D:\Program Files (x86)\wamp\www\project\test\ThinkPHP\Library\Think\Upload.class.php 第 269 行.
NOTIC: [8] Undefined index: tmp_name D:\Program Files (x86)\wamp\www\project\test\ThinkPHP\Library\Think\Upload.class.php 第 280 行.
NOTIC: [8] Undefined variable: filename D:\Program Files (x86)\wamp\www\project\test\App\Home\Controller\RegisterController.class.php 第 30 行.
NOTIC: [8] Undefined variable: contents D:\Program Files (x86)\wamp\www\project\test\App\Home\Controller\RegisterController.class.php 第 30 行.
NOTIC: [2] file_put_contents() [<a href='function.file-put-contents'>function.file-put-contents</a>]: Filename cannot be empty D:\Program Files (x86)\wamp\www\project\test\App\Home\Controller\RegisterController.class.php 第 30 行.
ERR: Think\Controller:error方法不存在！

[ 2016-01-06T14:27:03+08:00 ] 10.7.10.28 /project/test/index.php/register
NOTIC: [8] Undefined variable: filename D:\Program Files (x86)\wamp\www\project\test\App\Home\Controller\RegisterController.class.php 第 30 行.
NOTIC: [8] Undefined variable: contents D:\Program Files (x86)\wamp\www\project\test\App\Home\Controller\RegisterController.class.php 第 30 行.
NOTIC: [2] file_put_contents() [<a href='function.file-put-contents'>function.file-put-contents</a>]: Filename cannot be empty D:\Program Files (x86)\wamp\www\project\test\App\Home\Controller\RegisterController.class.php 第 30 行.
ERR: Think\Controller:error方法不存在！

[ 2016-01-06T14:27:26+08:00 ] 10.7.10.28 /project/test/index.php/register
NOTIC: [8] Undefined index: file D:\Program Files (x86)\wamp\www\project\test\App\Home\Controller\RegisterController.class.php 第 11 行.
NOTIC: [8] Undefined index: file D:\Program Files (x86)\wamp\www\project\test\App\Home\Controller\RegisterController.class.php 第 28 行.
NOTIC: [8] Undefined index: error D:\Program Files (x86)\wamp\www\project\test\ThinkPHP\Library\Think\Upload.class.php 第 269 行.
NOTIC: [8] Undefined index: tmp_name D:\Program Files (x86)\wamp\www\project\test\ThinkPHP\Library\Think\Upload.class.php 第 280 行.
NOTIC: [8] Undefined variable: filename D:\Program Files (x86)\wamp\www\project\test\App\Home\Controller\RegisterController.class.php 第 30 行.
NOTIC: [8] Undefined variable: contents D:\Program Files (x86)\wamp\www\project\test\App\Home\Controller\RegisterController.class.php 第 30 行.
NOTIC: [2] file_put_contents() [<a href='function.file-put-contents'>function.file-put-contents</a>]: Filename cannot be empty D:\Program Files (x86)\wamp\www\project\test\App\Home\Controller\RegisterController.class.php 第 30 行.
ERR: Think\Controller:error方法不存在！

[ 2016-01-06T14:27:28+08:00 ] 10.7.10.28 /project/test/index.php/register
NOTIC: [8] Undefined variable: filename D:\Program Files (x86)\wamp\www\project\test\App\Home\Controller\RegisterController.class.php 第 30 行.
NOTIC: [8] Undefined variable: contents D:\Program Files (x86)\wamp\www\project\test\App\Home\Controller\RegisterController.class.php 第 30 行.
NOTIC: [2] file_put_contents() [<a href='function.file-put-contents'>function.file-put-contents</a>]: Filename cannot be empty D:\Program Files (x86)\wamp\www\project\test\App\Home\Controller\RegisterController.class.php 第 30 行.
ERR: Think\Controller:error方法不存在！

[ 2016-01-06T14:27:56+08:00 ] 10.7.10.28 /project/test/index.php/register
NOTIC: [8] Undefined index: file D:\Program Files (x86)\wamp\www\project\test\App\Home\Controller\RegisterController.class.php 第 11 行.
NOTIC: [8] Undefined index: file D:\Program Files (x86)\wamp\www\project\test\App\Home\Controller\RegisterController.class.php 第 28 行.
NOTIC: [8] Undefined index: error D:\Program Files (x86)\wamp\www\project\test\ThinkPHP\Library\Think\Upload.class.php 第 269 行.
NOTIC: [8] Undefined index: tmp_name D:\Program Files (x86)\wamp\www\project\test\ThinkPHP\Library\Think\Upload.class.php 第 280 行.
NOTIC: [8] Undefined variable: filename D:\Program Files (x86)\wamp\www\project\test\App\Home\Controller\RegisterController.class.php 第 30 行.
NOTIC: [8] Undefined variable: contents D:\Program Files (x86)\wamp\www\project\test\App\Home\Controller\RegisterController.class.php 第 30 行.
NOTIC: [2] file_put_contents() [<a href='function.file-put-contents'>function.file-put-contents</a>]: Filename cannot be empty D:\Program Files (x86)\wamp\www\project\test\App\Home\Controller\RegisterController.class.php 第 30 行.
ERR: Think\Controller:error方法不存在！

[ 2016-01-06T14:27:56+08:00 ] 10.7.10.28 /project/test/index.php/register
NOTIC: [8] Undefined variable: filename D:\Program Files (x86)\wamp\www\project\test\App\Home\Controller\RegisterController.class.php 第 30 行.
NOTIC: [8] Undefined variable: contents D:\Program Files (x86)\wamp\www\project\test\App\Home\Controller\RegisterController.class.php 第 30 行.
NOTIC: [2] file_put_contents() [<a href='function.file-put-contents'>function.file-put-contents</a>]: Filename cannot be empty D:\Program Files (x86)\wamp\www\project\test\App\Home\Controller\RegisterController.class.php 第 30 行.
ERR: Think\Controller:error方法不存在！

[ 2016-01-06T14:32:18+08:00 ] 10.7.10.28 /project/test/index.php/register
NOTIC: [8] Undefined index: file D:\Program Files (x86)\wamp\www\project\test\App\Home\Controller\RegisterController.class.php 第 11 行.
NOTIC: [8] Undefined index: file D:\Program Files (x86)\wamp\www\project\test\App\Home\Controller\RegisterController.class.php 第 27 行.
NOTIC: [8] Undefined index: error D:\Program Files (x86)\wamp\www\project\test\ThinkPHP\Library\Think\Upload.class.php 第 269 行.
NOTIC: [8] Undefined index: tmp_name D:\Program Files (x86)\wamp\www\project\test\ThinkPHP\Library\Think\Upload.class.php 第 280 行.
NOTIC: [8] Undefined variable: filename D:\Program Files (x86)\wamp\www\project\test\App\Home\Controller\RegisterController.class.php 第 29 行.
NOTIC: [8] Undefined variable: contents D:\Program Files (x86)\wamp\www\project\test\App\Home\Controller\RegisterController.class.php 第 29 行.
NOTIC: [2] file_put_contents() [<a href='function.file-put-contents'>function.file-put-contents</a>]: Filename cannot be empty D:\Program Files (x86)\wamp\www\project\test\App\Home\Controller\RegisterController.class.php 第 29 行.
ERR: Think\Controller:error方法不存在！

[ 2016-01-06T14:32:18+08:00 ] 10.7.10.28 /project/test/index.php/register
NOTIC: [8] Undefined variable: filename D:\Program Files (x86)\wamp\www\project\test\App\Home\Controller\RegisterController.class.php 第 29 行.
NOTIC: [8] Undefined variable: contents D:\Program Files (x86)\wamp\www\project\test\App\Home\Controller\RegisterController.class.php 第 29 行.
NOTIC: [2] file_put_contents() [<a href='function.file-put-contents'>function.file-put-contents</a>]: Filename cannot be empty D:\Program Files (x86)\wamp\www\project\test\App\Home\Controller\RegisterController.class.php 第 29 行.
ERR: Think\Controller:error方法不存在！

[ 2016-01-06T14:33:16+08:00 ] 10.7.10.28 /project/test/index.php/register
NOTIC: [8] Undefined index: file D:\Program Files (x86)\wamp\www\project\test\App\Home\Controller\RegisterController.class.php 第 11 行.
NOTIC: [8] Undefined index: file D:\Program Files (x86)\wamp\www\project\test\App\Home\Controller\RegisterController.class.php 第 27 行.
NOTIC: [8] Undefined index: error D:\Program Files (x86)\wamp\www\project\test\ThinkPHP\Library\Think\Upload.class.php 第 269 行.
NOTIC: [8] Undefined index: tmp_name D:\Program Files (x86)\wamp\www\project\test\ThinkPHP\Library\Think\Upload.class.php 第 280 行.
NOTIC: [8] Undefined variable: filename D:\Program Files (x86)\wamp\www\project\test\App\Home\Controller\RegisterController.class.php 第 29 行.
NOTIC: [8] Undefined variable: contents D:\Program Files (x86)\wamp\www\project\test\App\Home\Controller\RegisterController.class.php 第 29 行.
NOTIC: [2] file_put_contents() [<a href='function.file-put-contents'>function.file-put-contents</a>]: Filename cannot be empty D:\Program Files (x86)\wamp\www\project\test\App\Home\Controller\RegisterController.class.php 第 29 行.
ERR: Think\Controller:error方法不存在！

[ 2016-01-06T14:33:16+08:00 ] 10.7.10.28 /project/test/index.php/register
NOTIC: [2] call_user_func() expects parameter 1 to be a valid callback, no array or string given D:\Program Files (x86)\wamp\www\project\test\ThinkPHP\Library\Think\Upload.class.php 第 170 行.
NOTIC: [8] Undefined variable: filename D:\Program Files (x86)\wamp\www\project\test\App\Home\Controller\RegisterController.class.php 第 32 行.
NOTIC: [8] Undefined variable: contents D:\Program Files (x86)\wamp\www\project\test\App\Home\Controller\RegisterController.class.php 第 32 行.
NOTIC: [2] file_put_contents() [<a href='function.file-put-contents'>function.file-put-contents</a>]: Filename cannot be empty D:\Program Files (x86)\wamp\www\project\test\App\Home\Controller\RegisterController.class.php 第 32 行.

[ 2016-01-06T14:38:11+08:00 ] 10.7.10.28 /project/test/index.php/register
NOTIC: [8] Undefined index: file D:\Program Files (x86)\wamp\www\project\test\App\Home\Controller\RegisterController.class.php 第 11 行.
NOTIC: [8] Undefined index: file D:\Program Files (x86)\wamp\www\project\test\App\Home\Controller\RegisterController.class.php 第 27 行.
NOTIC: [8] Undefined index: error D:\Program Files (x86)\wamp\www\project\test\ThinkPHP\Library\Think\Upload.class.php 第 269 行.
NOTIC: [8] Undefined index: tmp_name D:\Program Files (x86)\wamp\www\project\test\ThinkPHP\Library\Think\Upload.class.php 第 280 行.
NOTIC: [8] Undefined variable: filename D:\Program Files (x86)\wamp\www\project\test\App\Home\Controller\RegisterController.class.php 第 29 行.
NOTIC: [8] Undefined variable: contents D:\Program Files (x86)\wamp\www\project\test\App\Home\Controller\RegisterController.class.php 第 29 行.
NOTIC: [2] file_put_contents() [<a href='function.file-put-contents'>function.file-put-contents</a>]: Filename cannot be empty D:\Program Files (x86)\wamp\www\project\test\App\Home\Controller\RegisterController.class.php 第 29 行.
ERR: Think\Controller:error方法不存在！

[ 2016-01-06T14:38:11+08:00 ] 10.7.10.28 /project/test/index.php/register
NOTIC: [2] call_user_func() expects parameter 1 to be a valid callback, no array or string given D:\Program Files (x86)\wamp\www\project\test\ThinkPHP\Library\Think\Upload.class.php 第 170 行.
NOTIC: [8] Undefined variable: filename D:\Program Files (x86)\wamp\www\project\test\App\Home\Controller\RegisterController.class.php 第 32 行.
NOTIC: [8] Undefined variable: contents D:\Program Files (x86)\wamp\www\project\test\App\Home\Controller\RegisterController.class.php 第 32 行.
NOTIC: [8] Undefined index: options D:\Program Files (x86)\wamp\www\project\test\App\Home\Controller\RegisterController.class.php 第 32 行.
NOTIC: [2] file_put_contents() [<a href='function.file-put-contents'>function.file-put-contents</a>]: Filename cannot be empty D:\Program Files (x86)\wamp\www\project\test\App\Home\Controller\RegisterController.class.php 第 32 行.

[ 2016-01-06T14:39:06+08:00 ] 10.7.10.28 /project/test/index.php/register
NOTIC: [8] Undefined index: file D:\Program Files (x86)\wamp\www\project\test\App\Home\Controller\RegisterController.class.php 第 11 行.
NOTIC: [8] Undefined index: options D:\Program Files (x86)\wamp\www\project\test\App\Home\Controller\RegisterController.class.php 第 16 行.
NOTIC: [8] Undefined index: file D:\Program Files (x86)\wamp\www\project\test\App\Home\Controller\RegisterController.class.php 第 28 行.
NOTIC: [8] Undefined index: error D:\Program Files (x86)\wamp\www\project\test\ThinkPHP\Library\Think\Upload.class.php 第 269 行.
NOTIC: [8] Undefined index: tmp_name D:\Program Files (x86)\wamp\www\project\test\ThinkPHP\Library\Think\Upload.class.php 第 280 行.
NOTIC: [8] Undefined variable: filename D:\Program Files (x86)\wamp\www\project\test\App\Home\Controller\RegisterController.class.php 第 30 行.
NOTIC: [8] Undefined variable: contents D:\Program Files (x86)\wamp\www\project\test\App\Home\Controller\RegisterController.class.php 第 30 行.
NOTIC: [2] file_put_contents() [<a href='function.file-put-contents'>function.file-put-contents</a>]: Filename cannot be empty D:\Program Files (x86)\wamp\www\project\test\App\Home\Controller\RegisterController.class.php 第 30 行.
ERR: Think\Controller:error方法不存在！

[ 2016-01-06T14:39:06+08:00 ] 10.7.10.28 /project/test/index.php/register
NOTIC: [8] Undefined index: options D:\Program Files (x86)\wamp\www\project\test\App\Home\Controller\RegisterController.class.php 第 16 行.
NOTIC: [2] call_user_func() expects parameter 1 to be a valid callback, no array or string given D:\Program Files (x86)\wamp\www\project\test\ThinkPHP\Library\Think\Upload.class.php 第 170 行.
NOTIC: [8] Undefined variable: filename D:\Program Files (x86)\wamp\www\project\test\App\Home\Controller\RegisterController.class.php 第 33 行.
NOTIC: [8] Undefined variable: contents D:\Program Files (x86)\wamp\www\project\test\App\Home\Controller\RegisterController.class.php 第 33 行.
NOTIC: [2] file_put_contents() [<a href='function.file-put-contents'>function.file-put-contents</a>]: Filename cannot be empty D:\Program Files (x86)\wamp\www\project\test\App\Home\Controller\RegisterController.class.php 第 33 行.

[ 2016-01-06T14:39:31+08:00 ] 10.7.10.28 /project/test/index.php/register
NOTIC: [8] Undefined index: file D:\Program Files (x86)\wamp\www\project\test\App\Home\Controller\RegisterController.class.php 第 11 行.
NOTIC: [8] Undefined index: params D:\Program Files (x86)\wamp\www\project\test\App\Home\Controller\RegisterController.class.php 第 16 行.
NOTIC: [8] Undefined index: file D:\Program Files (x86)\wamp\www\project\test\App\Home\Controller\RegisterController.class.php 第 28 行.
NOTIC: [8] Undefined index: error D:\Program Files (x86)\wamp\www\project\test\ThinkPHP\Library\Think\Upload.class.php 第 269 行.
NOTIC: [8] Undefined index: tmp_name D:\Program Files (x86)\wamp\www\project\test\ThinkPHP\Library\Think\Upload.class.php 第 280 行.
NOTIC: [8] Undefined variable: filename D:\Program Files (x86)\wamp\www\project\test\App\Home\Controller\RegisterController.class.php 第 30 行.
NOTIC: [8] Undefined variable: contents D:\Program Files (x86)\wamp\www\project\test\App\Home\Controller\RegisterController.class.php 第 30 行.
NOTIC: [2] file_put_contents() [<a href='function.file-put-contents'>function.file-put-contents</a>]: Filename cannot be empty D:\Program Files (x86)\wamp\www\project\test\App\Home\Controller\RegisterController.class.php 第 30 行.
ERR: Think\Controller:error方法不存在！

[ 2016-01-06T14:39:31+08:00 ] 10.7.10.28 /project/test/index.php/register
NOTIC: [8] Undefined index: params D:\Program Files (x86)\wamp\www\project\test\App\Home\Controller\RegisterController.class.php 第 16 行.
NOTIC: [2] call_user_func() expects parameter 1 to be a valid callback, no array or string given D:\Program Files (x86)\wamp\www\project\test\ThinkPHP\Library\Think\Upload.class.php 第 170 行.
NOTIC: [8] Undefined variable: filename D:\Program Files (x86)\wamp\www\project\test\App\Home\Controller\RegisterController.class.php 第 33 行.
NOTIC: [8] Undefined variable: contents D:\Program Files (x86)\wamp\www\project\test\App\Home\Controller\RegisterController.class.php 第 33 行.
NOTIC: [2] file_put_contents() [<a href='function.file-put-contents'>function.file-put-contents</a>]: Filename cannot be empty D:\Program Files (x86)\wamp\www\project\test\App\Home\Controller\RegisterController.class.php 第 33 行.

[ 2016-01-06T14:40:06+08:00 ] 10.7.10.28 /project/test/index.php/register
NOTIC: [8] Undefined index: file D:\Program Files (x86)\wamp\www\project\test\App\Home\Controller\RegisterController.class.php 第 11 行.
NOTIC: [8] Undefined index: file D:\Program Files (x86)\wamp\www\project\test\App\Home\Controller\RegisterController.class.php 第 28 行.
NOTIC: [8] Undefined index: error D:\Program Files (x86)\wamp\www\project\test\ThinkPHP\Library\Think\Upload.class.php 第 269 行.
NOTIC: [8] Undefined index: tmp_name D:\Program Files (x86)\wamp\www\project\test\ThinkPHP\Library\Think\Upload.class.php 第 280 行.
NOTIC: [8] Undefined variable: filename D:\Program Files (x86)\wamp\www\project\test\App\Home\Controller\RegisterController.class.php 第 30 行.
NOTIC: [8] Undefined variable: contents D:\Program Files (x86)\wamp\www\project\test\App\Home\Controller\RegisterController.class.php 第 30 行.
NOTIC: [2] file_put_contents() [<a href='function.file-put-contents'>function.file-put-contents</a>]: Filename cannot be empty D:\Program Files (x86)\wamp\www\project\test\App\Home\Controller\RegisterController.class.php 第 30 行.
ERR: Think\Controller:error方法不存在！

[ 2016-01-06T14:40:06+08:00 ] 10.7.10.28 /project/test/index.php/register
NOTIC: [2] call_user_func() expects parameter 1 to be a valid callback, no array or string given D:\Program Files (x86)\wamp\www\project\test\ThinkPHP\Library\Think\Upload.class.php 第 170 行.
NOTIC: [8] Undefined variable: filename D:\Program Files (x86)\wamp\www\project\test\App\Home\Controller\RegisterController.class.php 第 33 行.
NOTIC: [8] Undefined variable: contents D:\Program Files (x86)\wamp\www\project\test\App\Home\Controller\RegisterController.class.php 第 33 行.
NOTIC: [2] file_put_contents() [<a href='function.file-put-contents'>function.file-put-contents</a>]: Filename cannot be empty D:\Program Files (x86)\wamp\www\project\test\App\Home\Controller\RegisterController.class.php 第 33 行.

[ 2016-01-06T14:40:34+08:00 ] 10.7.10.28 /project/test/index.php/register
NOTIC: [8] Undefined index: file D:\Program Files (x86)\wamp\www\project\test\App\Home\Controller\RegisterController.class.php 第 11 行.
NOTIC: [8] Undefined index: options D:\Program Files (x86)\wamp\www\project\test\App\Home\Controller\RegisterController.class.php 第 13 行.
NOTIC: [8] Undefined index: file D:\Program Files (x86)\wamp\www\project\test\App\Home\Controller\RegisterController.class.php 第 28 行.
NOTIC: [8] Undefined index: error D:\Program Files (x86)\wamp\www\project\test\ThinkPHP\Library\Think\Upload.class.php 第 269 行.
NOTIC: [8] Undefined index: tmp_name D:\Program Files (x86)\wamp\www\project\test\ThinkPHP\Library\Think\Upload.class.php 第 280 行.
NOTIC: [8] Undefined variable: filename D:\Program Files (x86)\wamp\www\project\test\App\Home\Controller\RegisterController.class.php 第 30 行.
NOTIC: [8] Undefined variable: contents D:\Program Files (x86)\wamp\www\project\test\App\Home\Controller\RegisterController.class.php 第 30 行.
NOTIC: [2] file_put_contents() [<a href='function.file-put-contents'>function.file-put-contents</a>]: Filename cannot be empty D:\Program Files (x86)\wamp\www\project\test\App\Home\Controller\RegisterController.class.php 第 30 行.
ERR: Think\Controller:error方法不存在！

[ 2016-01-06T14:40:34+08:00 ] 10.7.10.28 /project/test/index.php/register
NOTIC: [8] Undefined index: options D:\Program Files (x86)\wamp\www\project\test\App\Home\Controller\RegisterController.class.php 第 13 行.
NOTIC: [2] call_user_func() expects parameter 1 to be a valid callback, no array or string given D:\Program Files (x86)\wamp\www\project\test\ThinkPHP\Library\Think\Upload.class.php 第 170 行.
NOTIC: [8] Undefined variable: filename D:\Program Files (x86)\wamp\www\project\test\App\Home\Controller\RegisterController.class.php 第 33 行.
NOTIC: [8] Undefined variable: contents D:\Program Files (x86)\wamp\www\project\test\App\Home\Controller\RegisterController.class.php 第 33 行.
NOTIC: [2] file_put_contents() [<a href='function.file-put-contents'>function.file-put-contents</a>]: Filename cannot be empty D:\Program Files (x86)\wamp\www\project\test\App\Home\Controller\RegisterController.class.php 第 33 行.

[ 2016-01-06T14:40:45+08:00 ] 10.7.10.28 /project/test/index.php/register
NOTIC: [8] Undefined index: file D:\Program Files (x86)\wamp\www\project\test\App\Home\Controller\RegisterController.class.php 第 11 行.
NOTIC: [8] Undefined index: options D:\Program Files (x86)\wamp\www\project\test\App\Home\Controller\RegisterController.class.php 第 13 行.
NOTIC: [8] Undefined index: file D:\Program Files (x86)\wamp\www\project\test\App\Home\Controller\RegisterController.class.php 第 28 行.
NOTIC: [8] Undefined index: error D:\Program Files (x86)\wamp\www\project\test\ThinkPHP\Library\Think\Upload.class.php 第 269 行.
NOTIC: [8] Undefined index: tmp_name D:\Program Files (x86)\wamp\www\project\test\ThinkPHP\Library\Think\Upload.class.php 第 280 行.
NOTIC: [8] Undefined variable: filename D:\Program Files (x86)\wamp\www\project\test\App\Home\Controller\RegisterController.class.php 第 30 行.
NOTIC: [8] Undefined variable: contents D:\Program Files (x86)\wamp\www\project\test\App\Home\Controller\RegisterController.class.php 第 30 行.
NOTIC: [2] file_put_contents() [<a href='function.file-put-contents'>function.file-put-contents</a>]: Filename cannot be empty D:\Program Files (x86)\wamp\www\project\test\App\Home\Controller\RegisterController.class.php 第 30 行.
ERR: Think\Controller:error方法不存在！

[ 2016-01-06T14:40:45+08:00 ] 10.7.10.28 /project/test/index.php/register
NOTIC: [8] Undefined index: options D:\Program Files (x86)\wamp\www\project\test\App\Home\Controller\RegisterController.class.php 第 13 行.
NOTIC: [2] call_user_func() expects parameter 1 to be a valid callback, no array or string given D:\Program Files (x86)\wamp\www\project\test\ThinkPHP\Library\Think\Upload.class.php 第 170 行.
NOTIC: [8] Undefined variable: filename D:\Program Files (x86)\wamp\www\project\test\App\Home\Controller\RegisterController.class.php 第 33 行.
NOTIC: [8] Undefined variable: contents D:\Program Files (x86)\wamp\www\project\test\App\Home\Controller\RegisterController.class.php 第 33 行.
NOTIC: [2] file_put_contents() [<a href='function.file-put-contents'>function.file-put-contents</a>]: Filename cannot be empty D:\Program Files (x86)\wamp\www\project\test\App\Home\Controller\RegisterController.class.php 第 33 行.

[ 2016-01-06T14:41:27+08:00 ] 10.7.10.28 /project/test/index.php/register
NOTIC: [8] Undefined index: file D:\Program Files (x86)\wamp\www\project\test\App\Home\Controller\RegisterController.class.php 第 11 行.
NOTIC: [8] Undefined index: options D:\Program Files (x86)\wamp\www\project\test\App\Home\Controller\RegisterController.class.php 第 13 行.
NOTIC: [8] Undefined index: file D:\Program Files (x86)\wamp\www\project\test\App\Home\Controller\RegisterController.class.php 第 28 行.
NOTIC: [8] Undefined index: error D:\Program Files (x86)\wamp\www\project\test\ThinkPHP\Library\Think\Upload.class.php 第 269 行.
NOTIC: [8] Undefined index: tmp_name D:\Program Files (x86)\wamp\www\project\test\ThinkPHP\Library\Think\Upload.class.php 第 280 行.
NOTIC: [8] Undefined variable: filename D:\Program Files (x86)\wamp\www\project\test\App\Home\Controller\RegisterController.class.php 第 30 行.
NOTIC: [8] Undefined variable: contents D:\Program Files (x86)\wamp\www\project\test\App\Home\Controller\RegisterController.class.php 第 30 行.
NOTIC: [2] file_put_contents() [<a href='function.file-put-contents'>function.file-put-contents</a>]: Filename cannot be empty D:\Program Files (x86)\wamp\www\project\test\App\Home\Controller\RegisterController.class.php 第 30 行.
ERR: Think\Controller:error方法不存在！

[ 2016-01-06T14:41:27+08:00 ] 10.7.10.28 /project/test/index.php/register
NOTIC: [8] Undefined index: options D:\Program Files (x86)\wamp\www\project\test\App\Home\Controller\RegisterController.class.php 第 13 行.
NOTIC: [2] call_user_func() expects parameter 1 to be a valid callback, no array or string given D:\Program Files (x86)\wamp\www\project\test\ThinkPHP\Library\Think\Upload.class.php 第 170 行.
NOTIC: [8] Undefined variable: filename D:\Program Files (x86)\wamp\www\project\test\App\Home\Controller\RegisterController.class.php 第 33 行.
NOTIC: [8] Undefined variable: contents D:\Program Files (x86)\wamp\www\project\test\App\Home\Controller\RegisterController.class.php 第 33 行.
NOTIC: [2] file_put_contents() [<a href='function.file-put-contents'>function.file-put-contents</a>]: Filename cannot be empty D:\Program Files (x86)\wamp\www\project\test\App\Home\Controller\RegisterController.class.php 第 33 行.

[ 2016-01-06T14:46:50+08:00 ] 10.7.10.28 /project/test/index.php/register
NOTIC: [8] Undefined index: file D:\Program Files (x86)\wamp\www\project\test\App\Home\Controller\RegisterController.class.php 第 11 行.
NOTIC: [8] Undefined index: options D:\Program Files (x86)\wamp\www\project\test\App\Home\Controller\RegisterController.class.php 第 13 行.
NOTIC: [8] Undefined index: file D:\Program Files (x86)\wamp\www\project\test\App\Home\Controller\RegisterController.class.php 第 28 行.
NOTIC: [8] Undefined index: error D:\Program Files (x86)\wamp\www\project\test\ThinkPHP\Library\Think\Upload.class.php 第 269 行.
NOTIC: [8] Undefined index: tmp_name D:\Program Files (x86)\wamp\www\project\test\ThinkPHP\Library\Think\Upload.class.php 第 280 行.
NOTIC: [8] Undefined variable: filename D:\Program Files (x86)\wamp\www\project\test\App\Home\Controller\RegisterController.class.php 第 30 行.
NOTIC: [8] Undefined variable: contents D:\Program Files (x86)\wamp\www\project\test\App\Home\Controller\RegisterController.class.php 第 30 行.
NOTIC: [2] file_put_contents() [<a href='function.file-put-contents'>function.file-put-contents</a>]: Filename cannot be empty D:\Program Files (x86)\wamp\www\project\test\App\Home\Controller\RegisterController.class.php 第 30 行.
ERR: Think\Controller:error方法不存在！

[ 2016-01-06T14:46:50+08:00 ] 10.7.10.28 /project/test/index.php/register
NOTIC: [8] Undefined index: options D:\Program Files (x86)\wamp\www\project\test\App\Home\Controller\RegisterController.class.php 第 13 行.
NOTIC: [2] call_user_func() expects parameter 1 to be a valid callback, no array or string given D:\Program Files (x86)\wamp\www\project\test\ThinkPHP\Library\Think\Upload.class.php 第 170 行.
NOTIC: [8] Undefined variable: filename D:\Program Files (x86)\wamp\www\project\test\App\Home\Controller\RegisterController.class.php 第 33 行.
NOTIC: [8] Undefined variable: contents D:\Program Files (x86)\wamp\www\project\test\App\Home\Controller\RegisterController.class.php 第 33 行.
NOTIC: [2] file_put_contents() [<a href='function.file-put-contents'>function.file-put-contents</a>]: Filename cannot be empty D:\Program Files (x86)\wamp\www\project\test\App\Home\Controller\RegisterController.class.php 第 33 行.

[ 2016-01-06T14:47:18+08:00 ] 10.7.10.28 /project/test/index.php/register
NOTIC: [8] Undefined index: file D:\Program Files (x86)\wamp\www\project\test\App\Home\Controller\RegisterController.class.php 第 11 行.
NOTIC: [8] Undefined index: params D:\Program Files (x86)\wamp\www\project\test\App\Home\Controller\RegisterController.class.php 第 13 行.
NOTIC: [8] Undefined index: file D:\Program Files (x86)\wamp\www\project\test\App\Home\Controller\RegisterController.class.php 第 28 行.
NOTIC: [8] Undefined index: error D:\Program Files (x86)\wamp\www\project\test\ThinkPHP\Library\Think\Upload.class.php 第 269 行.
NOTIC: [8] Undefined index: tmp_name D:\Program Files (x86)\wamp\www\project\test\ThinkPHP\Library\Think\Upload.class.php 第 280 行.
NOTIC: [8] Undefined variable: filename D:\Program Files (x86)\wamp\www\project\test\App\Home\Controller\RegisterController.class.php 第 30 行.
NOTIC: [8] Undefined variable: contents D:\Program Files (x86)\wamp\www\project\test\App\Home\Controller\RegisterController.class.php 第 30 行.
NOTIC: [2] file_put_contents() [<a href='function.file-put-contents'>function.file-put-contents</a>]: Filename cannot be empty D:\Program Files (x86)\wamp\www\project\test\App\Home\Controller\RegisterController.class.php 第 30 行.
ERR: Think\Controller:error方法不存在！

[ 2016-01-06T14:47:18+08:00 ] 10.7.10.28 /project/test/index.php/register
NOTIC: [8] Undefined index: params D:\Program Files (x86)\wamp\www\project\test\App\Home\Controller\RegisterController.class.php 第 13 行.
NOTIC: [2] call_user_func() expects parameter 1 to be a valid callback, no array or string given D:\Program Files (x86)\wamp\www\project\test\ThinkPHP\Library\Think\Upload.class.php 第 170 行.
NOTIC: [8] Undefined variable: filename D:\Program Files (x86)\wamp\www\project\test\App\Home\Controller\RegisterController.class.php 第 33 行.
NOTIC: [8] Undefined variable: contents D:\Program Files (x86)\wamp\www\project\test\App\Home\Controller\RegisterController.class.php 第 33 行.
NOTIC: [2] file_put_contents() [<a href='function.file-put-contents'>function.file-put-contents</a>]: Filename cannot be empty D:\Program Files (x86)\wamp\www\project\test\App\Home\Controller\RegisterController.class.php 第 33 行.

[ 2016-01-06T14:47:41+08:00 ] 10.7.10.28 /project/test/index.php/register
NOTIC: [8] Undefined index: file D:\Program Files (x86)\wamp\www\project\test\App\Home\Controller\RegisterController.class.php 第 11 行.
NOTIC: [8] Undefined index: file D:\Program Files (x86)\wamp\www\project\test\App\Home\Controller\RegisterController.class.php 第 28 行.
NOTIC: [8] Undefined index: error D:\Program Files (x86)\wamp\www\project\test\ThinkPHP\Library\Think\Upload.class.php 第 269 行.
NOTIC: [8] Undefined index: tmp_name D:\Program Files (x86)\wamp\www\project\test\ThinkPHP\Library\Think\Upload.class.php 第 280 行.
NOTIC: [8] Undefined variable: filename D:\Program Files (x86)\wamp\www\project\test\App\Home\Controller\RegisterController.class.php 第 30 行.
NOTIC: [8] Undefined variable: contents D:\Program Files (x86)\wamp\www\project\test\App\Home\Controller\RegisterController.class.php 第 30 行.
NOTIC: [2] file_put_contents() [<a href='function.file-put-contents'>function.file-put-contents</a>]: Filename cannot be empty D:\Program Files (x86)\wamp\www\project\test\App\Home\Controller\RegisterController.class.php 第 30 行.
ERR: Think\Controller:error方法不存在！

[ 2016-01-06T14:47:41+08:00 ] 10.7.10.28 /project/test/index.php/register
NOTIC: [2] call_user_func() expects parameter 1 to be a valid callback, no array or string given D:\Program Files (x86)\wamp\www\project\test\ThinkPHP\Library\Think\Upload.class.php 第 170 行.
NOTIC: [8] Undefined variable: filename D:\Program Files (x86)\wamp\www\project\test\App\Home\Controller\RegisterController.class.php 第 33 行.
NOTIC: [8] Undefined variable: contents D:\Program Files (x86)\wamp\www\project\test\App\Home\Controller\RegisterController.class.php 第 33 行.
NOTIC: [2] file_put_contents() [<a href='function.file-put-contents'>function.file-put-contents</a>]: Filename cannot be empty D:\Program Files (x86)\wamp\www\project\test\App\Home\Controller\RegisterController.class.php 第 33 行.

[ 2016-01-06T14:48:35+08:00 ] 10.7.10.28 /project/test/index.php/register
NOTIC: [8] Undefined index: file D:\Program Files (x86)\wamp\www\project\test\App\Home\Controller\RegisterController.class.php 第 11 行.
NOTIC: [8] Undefined index: file D:\Program Files (x86)\wamp\www\project\test\App\Home\Controller\RegisterController.class.php 第 28 行.
NOTIC: [8] Undefined index: error D:\Program Files (x86)\wamp\www\project\test\ThinkPHP\Library\Think\Upload.class.php 第 269 行.
NOTIC: [8] Undefined index: tmp_name D:\Program Files (x86)\wamp\www\project\test\ThinkPHP\Library\Think\Upload.class.php 第 280 行.
NOTIC: [8] Undefined variable: filename D:\Program Files (x86)\wamp\www\project\test\App\Home\Controller\RegisterController.class.php 第 30 行.
NOTIC: [8] Undefined variable: contents D:\Program Files (x86)\wamp\www\project\test\App\Home\Controller\RegisterController.class.php 第 30 行.
NOTIC: [2] file_put_contents() [<a href='function.file-put-contents'>function.file-put-contents</a>]: Filename cannot be empty D:\Program Files (x86)\wamp\www\project\test\App\Home\Controller\RegisterController.class.php 第 30 行.
ERR: Think\Controller:error方法不存在！

[ 2016-01-06T14:48:35+08:00 ] 10.7.10.28 /project/test/index.php/register
NOTIC: [2] call_user_func() expects parameter 1 to be a valid callback, no array or string given D:\Program Files (x86)\wamp\www\project\test\ThinkPHP\Library\Think\Upload.class.php 第 170 行.
NOTIC: [8] Undefined variable: filename D:\Program Files (x86)\wamp\www\project\test\App\Home\Controller\RegisterController.class.php 第 33 行.
NOTIC: [8] Undefined variable: contents D:\Program Files (x86)\wamp\www\project\test\App\Home\Controller\RegisterController.class.php 第 33 行.
NOTIC: [2] file_put_contents() [<a href='function.file-put-contents'>function.file-put-contents</a>]: Filename cannot be empty D:\Program Files (x86)\wamp\www\project\test\App\Home\Controller\RegisterController.class.php 第 33 行.

[ 2016-01-06T14:53:42+08:00 ] 10.7.10.28 /project/test/index.php/register
NOTIC: [8] Undefined index: file D:\Program Files (x86)\wamp\www\project\test\App\Home\Controller\RegisterController.class.php 第 11 行.
NOTIC: [8] Undefined index: file D:\Program Files (x86)\wamp\www\project\test\App\Home\Controller\RegisterController.class.php 第 28 行.
NOTIC: [8] Undefined index: error D:\Program Files (x86)\wamp\www\project\test\ThinkPHP\Library\Think\Upload.class.php 第 269 行.
NOTIC: [8] Undefined index: tmp_name D:\Program Files (x86)\wamp\www\project\test\ThinkPHP\Library\Think\Upload.class.php 第 280 行.
NOTIC: [8] Undefined variable: filename D:\Program Files (x86)\wamp\www\project\test\App\Home\Controller\RegisterController.class.php 第 30 行.
NOTIC: [8] Undefined variable: contents D:\Program Files (x86)\wamp\www\project\test\App\Home\Controller\RegisterController.class.php 第 30 行.
NOTIC: [2] file_put_contents() [<a href='function.file-put-contents'>function.file-put-contents</a>]: Filename cannot be empty D:\Program Files (x86)\wamp\www\project\test\App\Home\Controller\RegisterController.class.php 第 30 行.
ERR: Think\Controller:error方法不存在！

[ 2016-01-06T14:53:42+08:00 ] 10.7.10.28 /project/test/index.php/register
NOTIC: [2] in_array() expects parameter 2 to be array, string given D:\Program Files (x86)\wamp\www\project\test\ThinkPHP\Library\Think\Upload.class.php 第 359 行.
NOTIC: [8] Undefined variable: filename D:\Program Files (x86)\wamp\www\project\test\App\Home\Controller\RegisterController.class.php 第 30 行.
NOTIC: [8] Undefined variable: contents D:\Program Files (x86)\wamp\www\project\test\App\Home\Controller\RegisterController.class.php 第 30 行.
NOTIC: [2] file_put_contents() [<a href='function.file-put-contents'>function.file-put-contents</a>]: Filename cannot be empty D:\Program Files (x86)\wamp\www\project\test\App\Home\Controller\RegisterController.class.php 第 30 行.
ERR: Think\Controller:error方法不存在！

[ 2016-01-06T15:02:33+08:00 ] 10.7.10.28 /project/test/index.php/register
NOTIC: [8] Undefined index: file D:\Program Files (x86)\wamp\www\project\test\App\Home\Controller\RegisterController.class.php 第 11 行.
NOTIC: [8] Undefined index: file D:\Program Files (x86)\wamp\www\project\test\App\Home\Controller\RegisterController.class.php 第 28 行.
NOTIC: [8] Undefined index: error D:\Program Files (x86)\wamp\www\project\test\ThinkPHP\Library\Think\Upload.class.php 第 269 行.
NOTIC: [8] Undefined index: tmp_name D:\Program Files (x86)\wamp\www\project\test\ThinkPHP\Library\Think\Upload.class.php 第 280 行.
NOTIC: [8] Undefined variable: filename D:\Program Files (x86)\wamp\www\project\test\App\Home\Controller\RegisterController.class.php 第 30 行.
NOTIC: [8] Undefined variable: contents D:\Program Files (x86)\wamp\www\project\test\App\Home\Controller\RegisterController.class.php 第 30 行.
NOTIC: [2] file_put_contents() [<a href='function.file-put-contents'>function.file-put-contents</a>]: Filename cannot be empty D:\Program Files (x86)\wamp\www\project\test\App\Home\Controller\RegisterController.class.php 第 30 行.
ERR: Think\Controller:error方法不存在！

[ 2016-01-06T15:02:33+08:00 ] 10.7.10.28 /project/test/index.php/register
NOTIC: [2] call_user_func() expects parameter 1 to be a valid callback, no array or string given D:\Program Files (x86)\wamp\www\project\test\ThinkPHP\Library\Think\Upload.class.php 第 170 行.
NOTIC: [8] Undefined variable: filename D:\Program Files (x86)\wamp\www\project\test\App\Home\Controller\RegisterController.class.php 第 33 行.
NOTIC: [8] Undefined variable: contents D:\Program Files (x86)\wamp\www\project\test\App\Home\Controller\RegisterController.class.php 第 33 行.
NOTIC: [2] file_put_contents() [<a href='function.file-put-contents'>function.file-put-contents</a>]: Filename cannot be empty D:\Program Files (x86)\wamp\www\project\test\App\Home\Controller\RegisterController.class.php 第 33 行.

[ 2016-01-06T15:04:24+08:00 ] 10.7.10.28 /project/test/index.php/register
NOTIC: [8] Undefined index: file D:\Program Files (x86)\wamp\www\project\test\App\Home\Controller\RegisterController.class.php 第 11 行.
NOTIC: [8] Undefined index: file D:\Program Files (x86)\wamp\www\project\test\App\Home\Controller\RegisterController.class.php 第 28 行.
NOTIC: [8] Undefined index: error D:\Program Files (x86)\wamp\www\project\test\ThinkPHP\Library\Think\Upload.class.php 第 269 行.
NOTIC: [8] Undefined index: tmp_name D:\Program Files (x86)\wamp\www\project\test\ThinkPHP\Library\Think\Upload.class.php 第 280 行.
NOTIC: [8] Undefined variable: filename D:\Program Files (x86)\wamp\www\project\test\App\Home\Controller\RegisterController.class.php 第 30 行.
NOTIC: [8] Undefined variable: contents D:\Program Files (x86)\wamp\www\project\test\App\Home\Controller\RegisterController.class.php 第 30 行.
NOTIC: [2] file_put_contents() [<a href='function.file-put-contents'>function.file-put-contents</a>]: Filename cannot be empty D:\Program Files (x86)\wamp\www\project\test\App\Home\Controller\RegisterController.class.php 第 30 行.
ERR: Think\Controller:error方法不存在！

[ 2016-01-06T15:04:24+08:00 ] 10.7.10.28 /project/test/index.php/register
NOTIC: [2] call_user_func() expects parameter 1 to be a valid callback, no array or string given D:\Program Files (x86)\wamp\www\project\test\ThinkPHP\Library\Think\Upload.class.php 第 170 行.
NOTIC: [8] Undefined variable: filename D:\Program Files (x86)\wamp\www\project\test\App\Home\Controller\RegisterController.class.php 第 33 行.
NOTIC: [8] Undefined variable: contents D:\Program Files (x86)\wamp\www\project\test\App\Home\Controller\RegisterController.class.php 第 33 行.
NOTIC: [2] file_put_contents() [<a href='function.file-put-contents'>function.file-put-contents</a>]: Filename cannot be empty D:\Program Files (x86)\wamp\www\project\test\App\Home\Controller\RegisterController.class.php 第 33 行.

[ 2016-01-06T15:04:36+08:00 ] 10.7.10.28 /project/test/index.php/register
NOTIC: [8] Undefined index: file D:\Program Files (x86)\wamp\www\project\test\App\Home\Controller\RegisterController.class.php 第 11 行.
NOTIC: [8] Undefined index: file D:\Program Files (x86)\wamp\www\project\test\App\Home\Controller\RegisterController.class.php 第 28 行.
NOTIC: [8] Undefined index: error D:\Program Files (x86)\wamp\www\project\test\ThinkPHP\Library\Think\Upload.class.php 第 269 行.
NOTIC: [8] Undefined index: tmp_name D:\Program Files (x86)\wamp\www\project\test\ThinkPHP\Library\Think\Upload.class.php 第 280 行.
NOTIC: [8] Undefined variable: filename D:\Program Files (x86)\wamp\www\project\test\App\Home\Controller\RegisterController.class.php 第 30 行.
NOTIC: [8] Undefined variable: contents D:\Program Files (x86)\wamp\www\project\test\App\Home\Controller\RegisterController.class.php 第 30 行.
NOTIC: [2] file_put_contents() [<a href='function.file-put-contents'>function.file-put-contents</a>]: Filename cannot be empty D:\Program Files (x86)\wamp\www\project\test\App\Home\Controller\RegisterController.class.php 第 30 行.
ERR: Think\Controller:error方法不存在！

[ 2016-01-06T15:04:37+08:00 ] 10.7.10.28 /project/test/index.php/register
NOTIC: [8] Undefined variable: filename D:\Program Files (x86)\wamp\www\project\test\App\Home\Controller\RegisterController.class.php 第 30 行.
NOTIC: [8] Undefined variable: contents D:\Program Files (x86)\wamp\www\project\test\App\Home\Controller\RegisterController.class.php 第 30 行.
NOTIC: [2] file_put_contents() [<a href='function.file-put-contents'>function.file-put-contents</a>]: Filename cannot be empty D:\Program Files (x86)\wamp\www\project\test\App\Home\Controller\RegisterController.class.php 第 30 行.
ERR: Think\Controller:error方法不存在！

[ 2016-01-06T15:04:46+08:00 ] 10.7.10.28 /project/test/index.php/register
NOTIC: [8] Undefined index: file D:\Program Files (x86)\wamp\www\project\test\App\Home\Controller\RegisterController.class.php 第 11 行.
NOTIC: [8] Undefined index: file D:\Program Files (x86)\wamp\www\project\test\App\Home\Controller\RegisterController.class.php 第 28 行.
NOTIC: [8] Undefined index: error D:\Program Files (x86)\wamp\www\project\test\ThinkPHP\Library\Think\Upload.class.php 第 269 行.
NOTIC: [8] Undefined index: tmp_name D:\Program Files (x86)\wamp\www\project\test\ThinkPHP\Library\Think\Upload.class.php 第 280 行.
NOTIC: [8] Undefined variable: filename D:\Program Files (x86)\wamp\www\project\test\App\Home\Controller\RegisterController.class.php 第 30 行.
NOTIC: [8] Undefined variable: contents D:\Program Files (x86)\wamp\www\project\test\App\Home\Controller\RegisterController.class.php 第 30 行.
NOTIC: [2] file_put_contents() [<a href='function.file-put-contents'>function.file-put-contents</a>]: Filename cannot be empty D:\Program Files (x86)\wamp\www\project\test\App\Home\Controller\RegisterController.class.php 第 30 行.
ERR: Think\Controller:error方法不存在！

[ 2016-01-06T15:04:46+08:00 ] 10.7.10.28 /project/test/index.php/register
NOTIC: [2] call_user_func() expects parameter 1 to be a valid callback, no array or string given D:\Program Files (x86)\wamp\www\project\test\ThinkPHP\Library\Think\Upload.class.php 第 170 行.
NOTIC: [8] Undefined variable: filename D:\Program Files (x86)\wamp\www\project\test\App\Home\Controller\RegisterController.class.php 第 33 行.
NOTIC: [8] Undefined variable: contents D:\Program Files (x86)\wamp\www\project\test\App\Home\Controller\RegisterController.class.php 第 33 行.
NOTIC: [2] file_put_contents() [<a href='function.file-put-contents'>function.file-put-contents</a>]: Filename cannot be empty D:\Program Files (x86)\wamp\www\project\test\App\Home\Controller\RegisterController.class.php 第 33 行.

[ 2016-01-06T15:05:03+08:00 ] 10.7.10.28 /project/test/index.php/register
NOTIC: [8] Undefined index: file D:\Program Files (x86)\wamp\www\project\test\App\Home\Controller\RegisterController.class.php 第 11 行.
NOTIC: [8] Undefined index: file D:\Program Files (x86)\wamp\www\project\test\App\Home\Controller\RegisterController.class.php 第 28 行.
NOTIC: [8] Undefined index: error D:\Program Files (x86)\wamp\www\project\test\ThinkPHP\Library\Think\Upload.class.php 第 269 行.
NOTIC: [8] Undefined index: tmp_name D:\Program Files (x86)\wamp\www\project\test\ThinkPHP\Library\Think\Upload.class.php 第 280 行.
NOTIC: [8] Undefined variable: filename D:\Program Files (x86)\wamp\www\project\test\App\Home\Controller\RegisterController.class.php 第 30 行.
NOTIC: [8] Undefined variable: contents D:\Program Files (x86)\wamp\www\project\test\App\Home\Controller\RegisterController.class.php 第 30 行.
NOTIC: [2] file_put_contents() [<a href='function.file-put-contents'>function.file-put-contents</a>]: Filename cannot be empty D:\Program Files (x86)\wamp\www\project\test\App\Home\Controller\RegisterController.class.php 第 30 行.
ERR: Think\Controller:error方法不存在！

[ 2016-01-06T15:05:06+08:00 ] 10.7.10.28 /project/test/index.php/register
NOTIC: [8] Undefined variable: filename D:\Program Files (x86)\wamp\www\project\test\App\Home\Controller\RegisterController.class.php 第 30 行.
NOTIC: [8] Undefined variable: contents D:\Program Files (x86)\wamp\www\project\test\App\Home\Controller\RegisterController.class.php 第 30 行.
NOTIC: [2] file_put_contents() [<a href='function.file-put-contents'>function.file-put-contents</a>]: Filename cannot be empty D:\Program Files (x86)\wamp\www\project\test\App\Home\Controller\RegisterController.class.php 第 30 行.
ERR: Think\Controller:error方法不存在！

[ 2016-01-06T15:05:16+08:00 ] 10.7.10.28 /project/test/index.php/register
NOTIC: [8] Undefined index: file D:\Program Files (x86)\wamp\www\project\test\App\Home\Controller\RegisterController.class.php 第 11 行.
NOTIC: [8] Undefined index: file D:\Program Files (x86)\wamp\www\project\test\App\Home\Controller\RegisterController.class.php 第 28 行.
NOTIC: [8] Undefined index: error D:\Program Files (x86)\wamp\www\project\test\ThinkPHP\Library\Think\Upload.class.php 第 269 行.
NOTIC: [8] Undefined index: tmp_name D:\Program Files (x86)\wamp\www\project\test\ThinkPHP\Library\Think\Upload.class.php 第 280 行.
NOTIC: [8] Undefined variable: filename D:\Program Files (x86)\wamp\www\project\test\App\Home\Controller\RegisterController.class.php 第 30 行.
NOTIC: [8] Undefined variable: contents D:\Program Files (x86)\wamp\www\project\test\App\Home\Controller\RegisterController.class.php 第 30 行.
NOTIC: [2] file_put_contents() [<a href='function.file-put-contents'>function.file-put-contents</a>]: Filename cannot be empty D:\Program Files (x86)\wamp\www\project\test\App\Home\Controller\RegisterController.class.php 第 30 行.
ERR: Think\Controller:error方法不存在！

[ 2016-01-06T15:05:16+08:00 ] 10.7.10.28 /project/test/index.php/register
NOTIC: [2] call_user_func() expects parameter 1 to be a valid callback, no array or string given D:\Program Files (x86)\wamp\www\project\test\ThinkPHP\Library\Think\Upload.class.php 第 170 行.
NOTIC: [8] Undefined variable: filename D:\Program Files (x86)\wamp\www\project\test\App\Home\Controller\RegisterController.class.php 第 33 行.
NOTIC: [8] Undefined variable: contents D:\Program Files (x86)\wamp\www\project\test\App\Home\Controller\RegisterController.class.php 第 33 行.
NOTIC: [2] file_put_contents() [<a href='function.file-put-contents'>function.file-put-contents</a>]: Filename cannot be empty D:\Program Files (x86)\wamp\www\project\test\App\Home\Controller\RegisterController.class.php 第 33 行.

[ 2016-01-06T15:05:20+08:00 ] 10.7.10.28 /project/test/index.php/register
NOTIC: [8] Undefined index: file D:\Program Files (x86)\wamp\www\project\test\App\Home\Controller\RegisterController.class.php 第 11 行.
NOTIC: [8] Undefined index: file D:\Program Files (x86)\wamp\www\project\test\App\Home\Controller\RegisterController.class.php 第 28 行.
NOTIC: [8] Undefined index: error D:\Program Files (x86)\wamp\www\project\test\ThinkPHP\Library\Think\Upload.class.php 第 269 行.
NOTIC: [8] Undefined index: tmp_name D:\Program Files (x86)\wamp\www\project\test\ThinkPHP\Library\Think\Upload.class.php 第 280 行.
NOTIC: [8] Undefined variable: filename D:\Program Files (x86)\wamp\www\project\test\App\Home\Controller\RegisterController.class.php 第 30 行.
NOTIC: [8] Undefined variable: contents D:\Program Files (x86)\wamp\www\project\test\App\Home\Controller\RegisterController.class.php 第 30 行.
NOTIC: [2] file_put_contents() [<a href='function.file-put-contents'>function.file-put-contents</a>]: Filename cannot be empty D:\Program Files (x86)\wamp\www\project\test\App\Home\Controller\RegisterController.class.php 第 30 行.
ERR: Think\Controller:error方法不存在！

[ 2016-01-06T15:05:20+08:00 ] 10.7.10.28 /project/test/index.php/register
NOTIC: [2] call_user_func() expects parameter 1 to be a valid callback, no array or string given D:\Program Files (x86)\wamp\www\project\test\ThinkPHP\Library\Think\Upload.class.php 第 170 行.
NOTIC: [8] Undefined variable: filename D:\Program Files (x86)\wamp\www\project\test\App\Home\Controller\RegisterController.class.php 第 33 行.
NOTIC: [8] Undefined variable: contents D:\Program Files (x86)\wamp\www\project\test\App\Home\Controller\RegisterController.class.php 第 33 行.
NOTIC: [2] file_put_contents() [<a href='function.file-put-contents'>function.file-put-contents</a>]: Filename cannot be empty D:\Program Files (x86)\wamp\www\project\test\App\Home\Controller\RegisterController.class.php 第 33 行.

[ 2016-01-06T15:41:03+08:00 ] 10.7.10.28 /project/test/index.php/register
NOTIC: [8] Undefined index: file D:\Program Files (x86)\wamp\www\project\test\App\Home\Controller\RegisterController.class.php 第 19 行.
NOTIC: [8] Undefined index: error D:\Program Files (x86)\wamp\www\project\test\ThinkPHP\Library\Think\Upload.class.php 第 269 行.
NOTIC: [8] Undefined index: tmp_name D:\Program Files (x86)\wamp\www\project\test\ThinkPHP\Library\Think\Upload.class.php 第 280 行.
ERR: Think\Controller:error方法不存在！

[ 2016-01-06T15:41:04+08:00 ] 10.7.10.28 /project/test/index.php/register
NOTIC: [2] call_user_func() expects parameter 1 to be a valid callback, no array or string given D:\Program Files (x86)\wamp\www\project\test\ThinkPHP\Library\Think\Upload.class.php 第 170 行.

[ 2016-01-06T15:45:12+08:00 ] 10.7.10.28 /project/test/index.php/register
NOTIC: [2] call_user_func() expects parameter 1 to be a valid callback, no array or string given D:\Program Files (x86)\wamp\www\project\test\ThinkPHP\Library\Think\Upload.class.php 第 170 行.

[ 2016-01-06T15:51:25+08:00 ] 10.7.10.28 /project/test/index.php/register
NOTIC: [8] Undefined index: file D:\Program Files (x86)\wamp\www\project\test\App\Home\Controller\RegisterController.class.php 第 20 行.
NOTIC: [8] Undefined index: error D:\Program Files (x86)\wamp\www\project\test\ThinkPHP\Library\Think\Upload.class.php 第 269 行.
NOTIC: [8] Undefined index: tmp_name D:\Program Files (x86)\wamp\www\project\test\ThinkPHP\Library\Think\Upload.class.php 第 280 行.
ERR: Think\Controller:error方法不存在！

[ 2016-01-06T15:51:25+08:00 ] 10.7.10.28 /project/test/index.php/register
NOTIC: [2] call_user_func() expects parameter 1 to be a valid callback, no array or string given D:\Program Files (x86)\wamp\www\project\test\ThinkPHP\Library\Think\Upload.class.php 第 170 行.

[ 2016-01-06T15:51:40+08:00 ] 10.7.10.28 /project/test/index.php/register
NOTIC: [2] call_user_func() expects parameter 1 to be a valid callback, no array or string given D:\Program Files (x86)\wamp\www\project\test\ThinkPHP\Library\Think\Upload.class.php 第 170 行.

[ 2016-01-06T15:51:40+08:00 ] 10.7.10.28 /project/test/index.php/register
NOTIC: [8] Undefined index: file D:\Program Files (x86)\wamp\www\project\test\App\Home\Controller\RegisterController.class.php 第 20 行.
NOTIC: [8] Undefined index: error D:\Program Files (x86)\wamp\www\project\test\ThinkPHP\Library\Think\Upload.class.php 第 269 行.
NOTIC: [8] Undefined index: tmp_name D:\Program Files (x86)\wamp\www\project\test\ThinkPHP\Library\Think\Upload.class.php 第 280 行.
ERR: Think\Controller:error方法不存在！

[ 2016-01-06T15:52:06+08:00 ] 10.7.10.28 /project/test/index.php/register
NOTIC: [8] Undefined index: file D:\Program Files (x86)\wamp\www\project\test\App\Home\Controller\RegisterController.class.php 第 20 行.
NOTIC: [8] Undefined index: error D:\Program Files (x86)\wamp\www\project\test\ThinkPHP\Library\Think\Upload.class.php 第 269 行.
NOTIC: [8] Undefined index: tmp_name D:\Program Files (x86)\wamp\www\project\test\ThinkPHP\Library\Think\Upload.class.php 第 280 行.
ERR: Think\Controller:error方法不存在！

[ 2016-01-06T15:52:06+08:00 ] 10.7.10.28 /project/test/index.php/register
NOTIC: [2] call_user_func() expects parameter 1 to be a valid callback, no array or string given D:\Program Files (x86)\wamp\www\project\test\ThinkPHP\Library\Think\Upload.class.php 第 170 行.

[ 2016-01-06T16:39:58+08:00 ] 10.7.10.28 /project/test/index.php/register
ERR: 1062:Duplicate entry '111111' for key 'username'
 [ SQL语句 ] : INSERT INTO `user` (`username`,`password`,`email`) VALUES ('111111','1111','123@edu.org')
ERR: 1062:Duplicate entry '111111' for key 'username'
 [ SQL语句 ] : INSERT INTO `user` (`username`,`password`,`email`) VALUES ('111111','1111','123@edu.org')

[ 2016-01-06T17:19:44+08:00 ] 10.7.10.28 /project/test/index.php/register
ERR: Think\Controller:error方法不存在！

[ 2016-01-06T17:19:55+08:00 ] 10.7.10.28 /project/test/index.php/register
ERR: Think\Controller:error方法不存在！

[ 2016-01-06T17:22:18+08:00 ] 10.7.10.28 /project/test/index.php/register
ERR: Think\Controller:error方法不存在！

[ 2016-01-06T17:24:57+08:00 ] 10.7.10.28 /project/test/index.php/register
ERR: Think\Controller:error方法不存在！

[ 2016-01-06T17:27:45+08:00 ] 10.7.10.28 /project/test/index.php/register
ERR: 1062:Duplicate entry '' for key 'username'
 [ SQL语句 ] : INSERT INTO `user` (`head_pic`) VALUES ('568cde11563ac.png')
ERR: 1062:Duplicate entry '' for key 'username'
 [ SQL语句 ] : INSERT INTO `user` (`head_pic`) VALUES ('568cde11563ac.png')

[ 2016-01-06T17:27:50+08:00 ] 10.7.10.28 /project/test/index.php/register
ERR: 1062:Duplicate entry '' for key 'username'
 [ SQL语句 ] : INSERT INTO `user` (`head_pic`) VALUES ('568cde16760b2.png')
ERR: 1062:Duplicate entry '' for key 'username'
 [ SQL语句 ] : INSERT INTO `user` (`head_pic`) VALUES ('568cde16760b2.png')

[ 2016-01-06T17:27:58+08:00 ] 10.7.10.28 /project/test/index.php/register
ERR: 1062:Duplicate entry '' for key 'username'
 [ SQL语句 ] : INSERT INTO `user` (`head_pic`) VALUES ('568cde1e01c0f.png')
ERR: 1062:Duplicate entry '' for key 'username'
 [ SQL语句 ] : INSERT INTO `user` (`head_pic`) VALUES ('568cde1e01c0f.png')

[ 2016-01-06T17:28:54+08:00 ] 10.7.10.28 /project/test/index.php/register
ERR: 1062:Duplicate entry '' for key 'username'
 [ SQL语句 ] : INSERT INTO `user` (`head_pic`) VALUES ('568cde56bbc56.png')
ERR: 1062:Duplicate entry '' for key 'username'
 [ SQL语句 ] : INSERT INTO `user` (`head_pic`) VALUES ('568cde56bbc56.png')

[ 2016-01-06T18:01:16+08:00 ] 10.7.10.28 /project/test/index.php/register
ERR: 1062:Duplicate entry 'lihaijiao' for key 'username'
 [ SQL语句 ] : INSERT INTO `user` (`username`,`password`,`email`,`head_pic`) VALUES ('lihaijiao','123456','qwe@163.com','')
ERR: 1062:Duplicate entry 'lihaijiao' for key 'username'
 [ SQL语句 ] : INSERT INTO `user` (`username`,`password`,`email`,`head_pic`) VALUES ('lihaijiao','123456','qwe@163.com','')

[ 2016-01-06T18:01:16+08:00 ] 10.7.10.28 /project/test/index.php/register
ERR: 1062:Duplicate entry '' for key 'username'
 [ SQL语句 ] : INSERT INTO `user` (`head_pic`) VALUES ('568ce5ec61c40.png')
ERR: 1062:Duplicate entry '' for key 'username'
 [ SQL语句 ] : INSERT INTO `user` (`head_pic`) VALUES ('568ce5ec61c40.png')

